{"/Users/edu/Workspace/tests/buda-test/src/core/spread/application/services/SpreadService.ts": {"path":"/Users/edu/Workspace/tests/buda-test/src/core/spread/application/services/SpreadService.ts","statementMap":{"0":{"start":{"line":3,"column":0},"end":{"line":3,"column":52}},"1":{"start":{"line":6,"column":0},"end":{"line":6,"column":66}},"2":{"start":{"line":10,"column":20},"end":{"line":10,"column":59}},"3":{"start":{"line":11,"column":20},"end":{"line":11,"column":73}},"4":{"start":{"line":15,"column":19},"end":{"line":15,"column":68}},"5":{"start":{"line":17,"column":4},"end":{"line":19,"column":5}},"6":{"start":{"line":18,"column":6},"end":{"line":18,"column":35}},"7":{"start":{"line":21,"column":23},"end":{"line":21,"column":51}},"8":{"start":{"line":22,"column":22},"end":{"line":22,"column":50}},"9":{"start":{"line":24,"column":27},"end":{"line":24,"column":73}},"10":{"start":{"line":26,"column":4},"end":{"line":26,"column":38}},"11":{"start":{"line":30,"column":23},"end":{"line":30,"column":64}},"12":{"start":{"line":31,"column":20},"end":{"line":32,"column":null}},"13":{"start":{"line":32,"column":41},"end":{"line":32,"column":69}},"14":{"start":{"line":35,"column":4},"end":{"line":35,"column":19}},"15":{"start":{"line":39,"column":4},"end":{"line":39,"column":59}},"16":{"start":{"line":43,"column":24},"end":{"line":43,"column":67}},"17":{"start":{"line":45,"column":4},"end":{"line":47,"column":5}},"18":{"start":{"line":46,"column":6},"end":{"line":46,"column":18}},"19":{"start":{"line":49,"column":26},"end":{"line":49,"column":72}},"20":{"start":{"line":50,"column":35},"end":{"line":50,"column":74}},"21":{"start":{"line":52,"column":4},"end":{"line":56,"column":6}},"22":{"start":{"line":60,"column":0},"end":{"line":60,"column":29}}},"fnMap":{"0":{"name":"(anonymous_7)","decl":{"start":{"line":9,"column":2},"end":{"line":9,"column":null}},"loc":{"start":{"line":11,"column":73},"end":{"line":12,"column":6}}},"1":{"name":"(anonymous_8)","decl":{"start":{"line":14,"column":8},"end":{"line":14,"column":23}},"loc":{"start":{"line":14,"column":38},"end":{"line":27,"column":null}}},"2":{"name":"(anonymous_10)","decl":{"start":{"line":29,"column":8},"end":{"line":29,"column":21}},"loc":{"start":{"line":29,"column":21},"end":{"line":36,"column":null}}},"3":{"name":"(anonymous_12)","decl":{"start":{"line":32,"column":21},"end":{"line":32,"column":22}},"loc":{"start":{"line":32,"column":41},"end":{"line":32,"column":69}}},"4":{"name":"(anonymous_13)","decl":{"start":{"line":38,"column":2},"end":{"line":38,"column":16}},"loc":{"start":{"line":38,"column":36},"end":{"line":40,"column":3}}},"5":{"name":"(anonymous_14)","decl":{"start":{"line":42,"column":8},"end":{"line":42,"column":23}},"loc":{"start":{"line":42,"column":23},"end":{"line":57,"column":null}}}},"branchMap":{"0":{"loc":{"start":{"line":17,"column":4},"end":{"line":19,"column":5}},"type":"if","locations":[{"start":{"line":17,"column":4},"end":{"line":19,"column":5}}]},"1":{"loc":{"start":{"line":17,"column":8},"end":{"line":17,"column":72}},"type":"binary-expr","locations":[{"start":{"line":17,"column":8},"end":{"line":17,"column":38}},{"start":{"line":17,"column":42},"end":{"line":17,"column":72}}]},"2":{"loc":{"start":{"line":45,"column":4},"end":{"line":47,"column":5}},"type":"if","locations":[{"start":{"line":45,"column":4},"end":{"line":47,"column":5}}]}},"s":{"0":1,"1":1,"2":7,"3":7,"4":11,"5":11,"6":3,"7":8,"8":8,"9":8,"10":8,"11":2,"12":2,"13":6,"14":2,"15":2,"16":3,"17":3,"18":1,"19":2,"20":2,"21":2,"22":1},"f":{"0":7,"1":11,"2":2,"3":6,"4":2,"5":3},"b":{"0":[3],"1":[11,8],"2":[1]}}
,"/Users/edu/Workspace/tests/buda-test/src/core/spread/domain/models/PollingSpread.ts": {"path":"/Users/edu/Workspace/tests/buda-test/src/core/spread/domain/models/PollingSpread.ts","statementMap":{"0":{"start":{"line":13,"column":4},"end":{"line":13,"column":39}},"1":{"start":{"line":14,"column":4},"end":{"line":14,"column":35}},"2":{"start":{"line":15,"column":4},"end":{"line":15,"column":61}},"3":{"start":{"line":3,"column":0},"end":{"line":3,"column":13}}},"fnMap":{"0":{"name":"(anonymous_0)","decl":{"start":{"line":8,"column":2},"end":{"line":8,"column":null}},"loc":{"start":{"line":11,"column":37},"end":{"line":16,"column":3}}}},"branchMap":{},"s":{"0":2,"1":2,"2":2,"3":1},"f":{"0":2},"b":{}}
,"/Users/edu/Workspace/tests/buda-test/src/core/spread/domain/models/Spread.ts": {"path":"/Users/edu/Workspace/tests/buda-test/src/core/spread/domain/models/Spread.ts","statementMap":{"0":{"start":{"line":8,"column":4},"end":{"line":8,"column":23}},"1":{"start":{"line":9,"column":4},"end":{"line":9,"column":25}},"2":{"start":{"line":3,"column":0},"end":{"line":3,"column":13}}},"fnMap":{"0":{"name":"(anonymous_0)","decl":{"start":{"line":7,"column":2},"end":{"line":7,"column":14}},"loc":{"start":{"line":7,"column":48},"end":{"line":10,"column":3}}}},"branchMap":{},"s":{"0":11,"1":11,"2":1},"f":{"0":11},"b":{}}
,"/Users/edu/Workspace/tests/buda-test/src/tests/spread/mocks/MockAlertSpreadRepository.ts": {"path":"/Users/edu/Workspace/tests/buda-test/src/tests/spread/mocks/MockAlertSpreadRepository.ts","statementMap":{"0":{"start":{"line":7,"column":10},"end":{"line":7,"column":44}},"1":{"start":{"line":10,"column":4},"end":{"line":10,"column":35}},"2":{"start":{"line":14,"column":4},"end":{"line":14,"column":28}},"3":{"start":{"line":4,"column":0},"end":{"line":4,"column":13}}},"fnMap":{"0":{"name":"(anonymous_0)","decl":{"start":{"line":4,"column":0},"end":{"line":4,"column":13}},"loc":{"start":{"line":4,"column":0},"end":{"line":16,"column":1}}},"1":{"name":"(anonymous_1)","decl":{"start":{"line":9,"column":2},"end":{"line":9,"column":16}},"loc":{"start":{"line":9,"column":36},"end":{"line":11,"column":3}}},"2":{"name":"(anonymous_2)","decl":{"start":{"line":13,"column":2},"end":{"line":13,"column":16}},"loc":{"start":{"line":13,"column":16},"end":{"line":15,"column":3}}}},"branchMap":{},"s":{"0":7,"1":2,"2":3,"3":1},"f":{"0":7,"1":2,"2":3},"b":{}}
,"/Users/edu/Workspace/tests/buda-test/src/tests/spread/mocks/MockMarketProvider.ts": {"path":"/Users/edu/Workspace/tests/buda-test/src/tests/spread/mocks/MockMarketProvider.ts","statementMap":{"0":{"start":{"line":7,"column":69},"end":{"line":26,"column":6}},"1":{"start":{"line":28,"column":4},"end":{"line":28,"column":35}},"2":{"start":{"line":32,"column":4},"end":{"line":32,"column":45}},"3":{"start":{"line":5,"column":0},"end":{"line":5,"column":13}}},"fnMap":{"0":{"name":"(anonymous_7)","decl":{"start":{"line":6,"column":8},"end":{"line":6,"column":23}},"loc":{"start":{"line":6,"column":38},"end":{"line":29,"column":null}}},"1":{"name":"(anonymous_9)","decl":{"start":{"line":31,"column":8},"end":{"line":31,"column":21}},"loc":{"start":{"line":31,"column":21},"end":{"line":33,"column":null}}}},"branchMap":{},"s":{"0":11,"1":11,"2":3,"3":1},"f":{"0":11,"1":3},"b":{}}
}
