TN:
SF:src/core/spread/application/services/SpreadService.ts
FN:9,(anonymous_7)
FN:14,(anonymous_8)
FN:29,(anonymous_10)
FN:32,(anonymous_12)
FN:38,(anonymous_13)
FN:42,(anonymous_14)
FNF:6
FNH:6
FNDA:7,(anonymous_7)
FNDA:11,(anonymous_8)
FNDA:2,(anonymous_10)
FNDA:6,(anonymous_12)
FNDA:2,(anonymous_13)
FNDA:3,(anonymous_14)
DA:3,1
DA:6,1
DA:10,7
DA:11,7
DA:15,11
DA:17,11
DA:18,3
DA:21,8
DA:22,8
DA:24,8
DA:26,8
DA:30,2
DA:31,2
DA:32,6
DA:35,2
DA:39,2
DA:43,3
DA:45,3
DA:46,1
DA:49,2
DA:50,2
DA:52,2
DA:60,1
LF:23
LH:23
BRDA:17,0,0,3
BRDA:17,1,0,11
BRDA:17,1,1,8
BRDA:45,2,0,1
BRF:4
BRH:4
end_of_record
TN:
SF:src/core/spread/domain/models/PollingSpread.ts
FN:8,(anonymous_0)
FNF:1
FNH:1
FNDA:2,(anonymous_0)
DA:3,1
DA:13,2
DA:14,2
DA:15,2
LF:4
LH:4
BRF:0
BRH:0
end_of_record
TN:
SF:src/core/spread/domain/models/Spread.ts
FN:7,(anonymous_0)
FNF:1
FNH:1
FNDA:11,(anonymous_0)
DA:3,1
DA:8,11
DA:9,11
LF:3
LH:3
BRF:0
BRH:0
end_of_record
TN:
SF:src/tests/spread/mocks/MockAlertSpreadRepository.ts
FN:4,(anonymous_0)
FN:9,(anonymous_1)
FN:13,(anonymous_2)
FNF:3
FNH:3
FNDA:7,(anonymous_0)
FNDA:2,(anonymous_1)
FNDA:3,(anonymous_2)
DA:4,1
DA:7,7
DA:10,2
DA:14,3
LF:4
LH:4
BRF:0
BRH:0
end_of_record
TN:
SF:src/tests/spread/mocks/MockMarketProvider.ts
FN:6,(anonymous_7)
FN:31,(anonymous_9)
FNF:2
FNH:2
FNDA:11,(anonymous_7)
FNDA:3,(anonymous_9)
DA:5,1
DA:7,11
DA:28,11
DA:32,3
LF:4
LH:4
BRF:0
BRH:0
end_of_record
